
*** Running vivado
    with args -log ALU.vds -m64 -product Vivado -mode batch -messageDb vivado.pb -notrace -source ALU.tcl



****** Vivado v2022.2.2 (64-bit)
  **** SW Build 3788238 on Tue Feb 21 20:00:34 MST 2023
  **** IP Build 3783773 on Tue Feb 21 23:41:56 MST 2023
    ** Copyright 1986-2023 Xilinx, Inc. All Rights Reserved.

source ALU.tcl -notrace
Command: synth_design -top ALU -part xc7a35tcpg236-1
Starting synth_design
Attempting to get a license for feature 'Synthesis' and/or device 'xc7a35t'
INFO: [Common 17-349] Got license for feature 'Synthesis' and/or device 'xc7a35t'
INFO: [Device 21-403] Loading part xc7a35tcpg236-1
INFO: [Synth 8-7079] Multithreading enabled for synth_design using a maximum of 2 processes.
INFO: [Synth 8-7078] Launching helper process for spawning children vivado processes
INFO: [Synth 8-7075] Helper process launched with PID 8756
INFO: [Synth 8-11241] undeclared symbol 'REGCCE', assumed default net type 'wire' [D:/Xilinx/Vivado/2022.2/data/verilog/src/unimacro/BRAM_SINGLE_MACRO.v:2170]
INFO: [Synth 8-11241] undeclared symbol 'muxw', assumed default net type 'wire' [C:/Users/mehme/Documents/Lab5/Lab5.srcs/sources_1/new/AdderModule.v:27]
ERROR: [Synth 8-9250] cannot index into non-array type reg for 'addOut' [C:/Users/mehme/Documents/Lab5/Lab5.srcs/sources_1/new/ArithmeticModule.v:27]
INFO: [Synth 8-10285] module 'ArithmeticModule' is ignored due to previous errors [C:/Users/mehme/Documents/Lab5/Lab5.srcs/sources_1/new/ArithmeticModule.v:29]
WARNING: [Synth 8-9448] extra semicolon in $unit (global) scope [C:/Users/mehme/Documents/Lab5/Lab5.srcs/sources_1/new/ArithmeticModule.v:29]
INFO: [Synth 8-9084] Verilog file 'C:/Users/mehme/Documents/Lab5/Lab5.srcs/sources_1/new/ArithmeticModule.v' ignored due to errors
Failed to read verilog 'C:/Users/mehme/Documents/Lab5/Lab5.srcs/sources_1/new/ArithmeticModule.v'
INFO: [Common 17-83] Releasing license: Synthesis
10 Infos, 1 Warnings, 0 Critical Warnings and 2 Errors encountered.
synth_design failed
ERROR: [Common 17-69] Command failed: Synthesis failed - please see the console or run log file for details
INFO: [Common 17-206] Exiting Vivado at Fri Apr 28 14:57:44 2023...
